2025-01-09 15:50:16,449 - INFO - Scores: [ 9.10199113e+02  2.17938479e+04 -4.86816041e+03  1.85987181e+03
  4.67586992e+03  3.15204103e+04  2.17938479e+04  1.18428826e+05
  4.26194417e+04  2.34261349e+02  4.46223143e+04 -8.75868757e+02
  1.99475553e+04  4.59080531e+02  1.65813199e+03  1.12842376e+04
  1.63676700e+03  2.31898501e+04  2.04957587e+03  1.24334157e+03
  7.39741922e+02  1.72695667e+02  3.69069061e+04  2.71569468e+03
  3.66224833e+04  1.03596884e+03  1.28276324e+03  1.79488631e+03
  8.81692400e+02  1.41841954e+03 -3.63413370e+02  1.69863178e+04
  1.54630997e+05  8.25045668e+02  2.24627509e+04 -7.22208334e+02
  6.67603352e+02  8.78329983e+02  5.44271669e+04  1.75923447e+03
  2.19583954e+03  7.42331904e+02  7.62201547e+02  1.15426492e+03
 -4.86816041e+03  7.14107827e+03  3.35446345e+03  2.14563852e+03
  5.22199855e+02  7.62201547e+02  1.50328335e+03  2.17938479e+04
  1.42352600e+03  3.06748880e+03  1.00460743e+04  1.58422481e+03
  1.95049774e+02  4.46223143e+04  1.27387591e+03  6.64794569e+02
  2.65308508e+04  6.72988993e+04  1.12558022e+03  1.57896623e+03
  1.65813199e+03  1.05832385e+03  9.82884975e+02  7.41203497e+03
  2.69350743e+04  1.26624438e+03  3.58897558e+04  3.65308593e+02
  1.07454675e+03  1.50460059e+04  1.02233698e+05  1.02547664e+03
  2.30419767e+04  5.37383884e+03  2.38624924e+04  1.13829535e+03
  1.57817247e+03  8.25045668e+02  2.86655134e+03  7.47779333e+03
  1.69863178e+04  1.57811947e+03  4.46223143e+04  2.37610889e+04
  1.26624438e+03 -9.81329647e+02  5.44158909e+03  2.49163830e+04
  6.38735306e+02  1.42172146e+04  1.65098615e+04  1.96734214e+04
 -1.47915797e+02  2.38784421e+03  3.66224833e+04  6.38735306e+02
  1.67061669e+03  1.38995353e+03  4.69474069e+04  1.24334157e+03
  6.50698820e+04  4.07995426e+04  9.09819595e+02  9.10199113e+02
  1.08462888e+03  5.66997265e+03  4.46223143e+04  1.53886363e+04
  1.31060047e+03  5.43720579e+03  5.41581115e+04  3.31466918e+04
  2.31517739e+04  2.82560460e+02  1.04957337e+03  2.02179595e+04
  1.19274576e+04  2.02290036e+03  4.18496174e+02  5.64016894e+03
  8.84477463e+03  2.38585533e+03  2.31517739e+04  1.58422481e+03
  1.95049774e+02  4.46223143e+04  1.27387591e+03  6.64794569e+02
  2.34261349e+02  4.46223143e+04 -8.75868757e+02  1.99475553e+04
  4.59080531e+02  1.65813199e+03  1.12842376e+04]
